10:00:24 **** Incremental Build of configuration Nios II for project Lab2_WavePlayer ****
make all 
Info: Building ../Lab2_WavePlayer_bsp/
C:/software/Altera/18.1/nios2eds/bin/gnu/H-x86_64-mingw32/bin/make --no-print-directory -C ../Lab2_WavePlayer_bsp/
[BSP build complete]
Info: Compiling hello_world.c to obj/default/hello_world.o
nios2-elf-gcc -xc -MP -MMD -c -I../Lab2_WavePlayer_bsp//HAL/inc -I../Lab2_WavePlayer_bsp/ -I../Lab2_WavePlayer_bsp//drivers/inc  -pipe -D__hal__ -DALT_NO_INSTRUCTION_EMULATION -DALT_SINGLE_THREADED -DALTERA_AVALON_UART_SMALL    -O0 -g -Wall   -mno-hw-div -mhw-mul -mno-hw-mulx -mgpopt=global  -o obj/default/hello_world.o hello_world.c
hello_world.c: In function 'main':
hello_world.c:283:5: warning: implicit declaration of function 'alt_printf' [-Wimplicit-function-declaration]
     alt_printf ("Error: could not open audio device \n");
     ^
hello_world.c:332:20: warning: passing argument 2 of 'displaySong' from incompatible pointer type [-Wincompatible-pointer-types]
   displaySong(lcd, filelist + track_num, track_num, 0); // If paused, but shouldnt matter
                    ^
hello_world.c:205:13: note: expected 'char *' but argument is of type 'char (*)[20]'
 static void displaySong(FILE * lcd, char * filename, int sd_index, int mode_i)
             ^
hello_world.c:368:20: warning: passing argument 2 of 'displaySong' from incompatible pointer type [-Wincompatible-pointer-types]
   displaySong(lcd, filelist + track_num, track_num, mode + 2);
                    ^
hello_world.c:205:13: note: expected 'char *' but argument is of type 'char (*)[20]'
 static void displaySong(FILE * lcd, char * filename, int sd_index, int mode_i)
             ^
hello_world.c:420:23: warning: passing argument 2 of 'displaySong' from incompatible pointer type [-Wincompatible-pointer-types]
      displaySong(lcd, filelist + track_num, track_num, 1);
                       ^
hello_world.c:205:13: note: expected 'char *' but argument is of type 'char (*)[20]'
 static void displaySong(FILE * lcd, char * filename, int sd_index, int mode_i)
             ^
hello_world.c:448:23: warning: passing argument 2 of 'displaySong' from incompatible pointer type [-Wincompatible-pointer-types]
      displaySong(lcd, filelist + track_num, track_num, mode + 2);
                       ^
hello_world.c:205:13: note: expected 'char *' but argument is of type 'char (*)[20]'
 static void displaySong(FILE * lcd, char * filename, int sd_index, int mode_i)
             ^
hello_world.c:274:12: warning: unused variable 'fs' [-Wunused-variable]
     FATFS *fs;                  /* Pointer to file system object */
            ^
hello_world.c:273:33: warning: unused variable 'blk' [-Wunused-variable]
     uint32_t ofs = 0, sect = 0, blk[2];
                                 ^
hello_world.c:273:23: warning: unused variable 'sect' [-Wunused-variable]
     uint32_t ofs = 0, sect = 0, blk[2];
                       ^
hello_world.c:273:14: warning: unused variable 'ofs' [-Wunused-variable]
     uint32_t ofs = 0, sect = 0, blk[2];
              ^
hello_world.c:272:26: warning: unused variable 'ft' [-Wunused-variable]
     static const uint8_t ft[] = { 0, 12, 16, 32 };
                          ^
hello_world.c:270:14: warning: unused variable 'w1' [-Wunused-variable]
     uint16_t w1;
              ^
hello_world.c:269:22: warning: unused variable 'drv' [-Wunused-variable]
     uint8_t res, b1, drv = 0;
                      ^
hello_world.c:269:18: warning: unused variable 'b1' [-Wunused-variable]
     uint8_t res, b1, drv = 0;
                  ^
hello_world.c:268:18: warning: unused variable 'p3' [-Wunused-variable]
     long p1, p2, p3;
                  ^
hello_world.c:268:14: warning: unused variable 'p2' [-Wunused-variable]
     long p1, p2, p3;
              ^
hello_world.c:267:17: warning: unused variable 'ptr2' [-Wunused-variable]
     char *ptr, *ptr2;
                 ^
hello_world.c:267:11: warning: unused variable 'ptr' [-Wunused-variable]
     char *ptr, *ptr2;
           ^
hello_world.c:266:6: warning: unused variable 'fifospace' [-Wunused-variable]
  int fifospace;
      ^
In file included from hello_world.c:25:0:
hello_world.c: At top level:
board_diag.h:35:13: warning: 'SevenSegCount' declared 'static' but never defined [-Wunused-function]
 static void SevenSegCount( void );
             ^
board_diag.h:36:13: warning: 'SevenSegControl' declared 'static' but never defined [-Wunused-function]
 static void SevenSegControl( void );
             ^
board_diag.h:41:13: warning: 'TestLEDs' declared 'static' but never defined [-Wunused-function]
 static void TestLEDs( void );
             ^
board_diag.h:46:13: warning: 'TestButtons' declared 'static' but never defined [-Wunused-function]
 static void TestButtons( void );
             ^
board_diag.h:51:13: warning: 'TestLCD' declared 'static' but never defined [-Wunused-function]
 static void TestLCD( void );
             ^
hello_world.c:63:16: warning: 'TimerFunction' defined but not used [-Wunused-function]
 static alt_u32 TimerFunction (void *context)
                ^
hello_world.c:127:9: warning: 'scan_files' defined but not used [-Wunused-function]
 FRESULT scan_files(char *path)
         ^
Info: Linking Lab2_WavePlayer.elf
nios2-elf-g++  -T'../Lab2_WavePlayer_bsp//linker.x' -msys-crt0='../Lab2_WavePlayer_bsp//obj/HAL/src/crt0.o' -msys-lib=hal_bsp -L../Lab2_WavePlayer_bsp/   -Wl,-Map=Lab2_WavePlayer.map   -O0 -g -Wall   -mno-hw-div -mhw-mul -mno-hw-mulx -mgpopt=global  -o Lab2_WavePlayer.elf obj/default/fatfs.o obj/default/fatfs_diskio.o obj/default/fatfs_nios2_de0_nano_spi.o obj/default/fatfs_nios2_de1_pio.o obj/default/fatfs_nios2_de1_spi.o obj/default/ff.o obj/default/hello_world.o obj/default/monitor.o obj/default/uart_nios2.o -lm -msys-lib=m
nios2-elf-insert Lab2_WavePlayer.elf --thread_model hal --cpu_name nios2_gen2_0 --qsys true --simulation_enabled false --id 0 --sidp 0x1001140 --timestamp 1732311883 --stderr_dev jtag_uart_0 --stdin_dev jtag_uart_0 --stdout_dev jtag_uart_0 --sopc_system_name QD1 --quartus_project_dir "C:/Users/t6amir/ECE-224/LogicalStep/LogicalStep" --jdi ../..//output_files/LogicalStep_top.jdi --sopcinfo C:/Users/t6amir/ECE-224/LogicalStep/LogicalStep/software/Lab2_WavePlayer_bsp/../../QD1.sopcinfo
Info: (Lab2_WavePlayer.elf) 121 KBytes program size (code + initialized data).
Info:                       8063 KBytes free for stack + heap.
Info: Creating Lab2_WavePlayer.objdump
nios2-elf-objdump --disassemble --syms --all-header --source Lab2_WavePlayer.elf >Lab2_WavePlayer.objdump
[Lab2_WavePlayer build complete]

10:00:25 Build Finished (took 1s.344ms)

